[ 2023-06-22 11:40:49,125 ] 24 root - INFO - Data Ingestion Started
[ 2023-06-22 11:40:49,125 ] 26 root - INFO - Data reading using pandas library from local system
[ 2023-06-22 11:40:49,157 ] 29 root - INFO - Data reading completed
[ 2023-06-22 11:40:49,389 ] 33 root - INFO - Data Splitted into train and test
[ 2023-06-22 11:40:49,496 ] 39 root - INFO - Data Ingestion completed
[ 2023-06-22 11:40:49,496 ] 24 root - INFO - Data Ingestion Started
[ 2023-06-22 11:40:49,496 ] 26 root - INFO - Data reading using pandas library from local system
[ 2023-06-22 11:40:49,527 ] 29 root - INFO - Data reading completed
[ 2023-06-22 11:40:49,627 ] 33 root - INFO - Data Splitted into train and test
[ 2023-06-22 11:40:49,727 ] 39 root - INFO - Data Ingestion completed
[ 2023-06-22 11:40:50,176 ] 85 root - INFO - Outliers capped on our train data
[ 2023-06-22 11:40:50,183 ] 85 root - INFO - Outliers capped on our train data
[ 2023-06-22 11:40:50,225 ] 85 root - INFO - Outliers capped on our train data
[ 2023-06-22 11:40:50,229 ] 85 root - INFO - Outliers capped on our train data
[ 2023-06-22 11:40:50,229 ] 85 root - INFO - Outliers capped on our train data
[ 2023-06-22 11:40:50,245 ] 85 root - INFO - Outliers capped on our train data
[ 2023-06-22 11:40:50,245 ] 85 root - INFO - Outliers capped on our train data
[ 2023-06-22 11:40:50,245 ] 85 root - INFO - Outliers capped on our train data
[ 2023-06-22 11:40:50,245 ] 85 root - INFO - Outliers capped on our train data
[ 2023-06-22 11:40:50,245 ] 85 root - INFO - Outliers capped on our train data
[ 2023-06-22 11:40:50,260 ] 85 root - INFO - Outliers capped on our train data
[ 2023-06-22 11:40:50,262 ] 85 root - INFO - Outliers capped on our train data
[ 2023-06-22 11:40:50,266 ] 89 root - INFO - Outliers capped on our test data
[ 2023-06-22 11:40:50,266 ] 89 root - INFO - Outliers capped on our test data
[ 2023-06-22 11:40:50,266 ] 89 root - INFO - Outliers capped on our test data
[ 2023-06-22 11:40:50,266 ] 89 root - INFO - Outliers capped on our test data
[ 2023-06-22 11:40:50,266 ] 89 root - INFO - Outliers capped on our test data
[ 2023-06-22 11:40:50,266 ] 89 root - INFO - Outliers capped on our test data
[ 2023-06-22 11:40:50,266 ] 89 root - INFO - Outliers capped on our test data
[ 2023-06-22 11:40:50,281 ] 89 root - INFO - Outliers capped on our test data
[ 2023-06-22 11:40:50,281 ] 89 root - INFO - Outliers capped on our test data
[ 2023-06-22 11:40:50,281 ] 89 root - INFO - Outliers capped on our test data
[ 2023-06-22 11:40:50,281 ] 89 root - INFO - Outliers capped on our test data
[ 2023-06-22 11:40:50,281 ] 89 root - INFO - Outliers capped on our test data
[ 2023-06-22 11:40:50,281 ] 34 root - INFO - Data Transformation started
[ 2023-06-22 11:40:50,281 ] 96 root - INFO - Splitting train data into dependent and independent features
[ 2023-06-22 11:40:50,376 ] 100 root - INFO - Splitting test data into dependent and independent features
