[ 2023-06-22 12:25:06,320 ] 24 root - INFO - Data Ingestion Started
[ 2023-06-22 12:25:06,320 ] 26 root - INFO - Data reading using pandas library from local system
[ 2023-06-22 12:25:06,340 ] 29 root - INFO - Data reading completed
[ 2023-06-22 12:25:06,439 ] 33 root - INFO - Data Splitted into train and test
[ 2023-06-22 12:25:06,570 ] 39 root - INFO - Data Ingestion completed
[ 2023-06-22 12:25:06,570 ] 24 root - INFO - Data Ingestion Started
[ 2023-06-22 12:25:06,570 ] 26 root - INFO - Data reading using pandas library from local system
[ 2023-06-22 12:25:06,602 ] 29 root - INFO - Data reading completed
[ 2023-06-22 12:25:06,702 ] 33 root - INFO - Data Splitted into train and test
[ 2023-06-22 12:25:06,818 ] 39 root - INFO - Data Ingestion completed
[ 2023-06-22 12:25:06,872 ] 85 root - INFO - Outliers capped on our train data
[ 2023-06-22 12:25:06,872 ] 85 root - INFO - Outliers capped on our train data
[ 2023-06-22 12:25:06,888 ] 85 root - INFO - Outliers capped on our train data
[ 2023-06-22 12:25:06,888 ] 85 root - INFO - Outliers capped on our train data
[ 2023-06-22 12:25:06,888 ] 85 root - INFO - Outliers capped on our train data
[ 2023-06-22 12:25:06,888 ] 85 root - INFO - Outliers capped on our train data
[ 2023-06-22 12:25:06,888 ] 85 root - INFO - Outliers capped on our train data
[ 2023-06-22 12:25:06,888 ] 85 root - INFO - Outliers capped on our train data
[ 2023-06-22 12:25:06,904 ] 85 root - INFO - Outliers capped on our train data
[ 2023-06-22 12:25:06,904 ] 85 root - INFO - Outliers capped on our train data
[ 2023-06-22 12:25:06,904 ] 85 root - INFO - Outliers capped on our train data
[ 2023-06-22 12:25:06,904 ] 85 root - INFO - Outliers capped on our train data
[ 2023-06-22 12:25:06,904 ] 89 root - INFO - Outliers capped on our test data
[ 2023-06-22 12:25:06,904 ] 89 root - INFO - Outliers capped on our test data
[ 2023-06-22 12:25:06,919 ] 89 root - INFO - Outliers capped on our test data
[ 2023-06-22 12:25:06,919 ] 89 root - INFO - Outliers capped on our test data
[ 2023-06-22 12:25:06,919 ] 89 root - INFO - Outliers capped on our test data
[ 2023-06-22 12:25:06,919 ] 89 root - INFO - Outliers capped on our test data
[ 2023-06-22 12:25:06,919 ] 89 root - INFO - Outliers capped on our test data
[ 2023-06-22 12:25:06,919 ] 89 root - INFO - Outliers capped on our test data
[ 2023-06-22 12:25:06,919 ] 89 root - INFO - Outliers capped on our test data
[ 2023-06-22 12:25:06,935 ] 89 root - INFO - Outliers capped on our test data
[ 2023-06-22 12:25:06,940 ] 89 root - INFO - Outliers capped on our test data
[ 2023-06-22 12:25:06,940 ] 89 root - INFO - Outliers capped on our test data
[ 2023-06-22 12:25:06,940 ] 34 root - INFO - Data Transformation started
[ 2023-06-22 12:25:06,940 ] 96 root - INFO - Splitting train data into dependent and independent features
[ 2023-06-22 12:25:06,940 ] 100 root - INFO - Splitting test data into dependent and independent features
[ 2023-06-22 12:25:06,987 ] 30 root - INFO - Splitting the data into dependent and independent feature
[ 2023-06-22 12:25:06,987 ] 38 root - INFO - Machine Learning model object initialization
[ 2023-06-22 12:25:06,987 ] 45 root - INFO - Parameters initialization for hyperparameter tuning
[ 2023-06-22 12:25:06,987 ] 70 root - INFO - Model evaluation started
[ 2023-06-22 12:25:06,987 ] 32 root - INFO - Model training started
[ 2023-06-22 12:25:42,597 ] 85 root - INFO - Best model found, Model name is Random Forest, accuracy score: 0.7216758860889162
